[14:48:56] [ServerMain/INFO]: [bootstrap] Running Java 21 (OpenJDK 64-Bit Server VM 21.0.7+6-LTS; Microsoft Microsoft-11369942) on Linux 6.8.0-1030-azure (amd64)
[14:48:56] [ServerMain/INFO]: [bootstrap] Loading Paper 1.21.7-32-main@e792779 (2025-07-16T20:10:15Z) for Minecraft 1.21.7
[14:48:57] [ServerMain/INFO]: [PluginInitializerManager] Initializing plugins...
[14:48:59] [ServerMain/INFO]: [PluginInitializerManager] Initialized 7 plugins
[14:48:59] [ServerMain/INFO]: [PluginInitializerManager] Bukkit plugins (7):
 - GSit (2.4.3), Geyser-Spigot (2.8.2-SNAPSHOT), SkinsRestorer (15.7.7), ViaBackwards (5.4.1), ViaRewind (4.0.9-SNAPSHOT), ViaVersion (5.4.1), floodgate (2.2.4-SNAPSHOT (b117-b469c0c))
[14:49:07] [ServerMain/INFO]: Environment: Environment[sessionHost=https://sessionserver.mojang.com, servicesHost=https://api.minecraftservices.com, name=PROD]
[14:49:11] [ServerMain/INFO]: Loaded 1407 recipes
[14:49:11] [ServerMain/INFO]: Loaded 1520 advancements
[14:49:11] [ServerMain/INFO]: [ca.spottedleaf.dataconverter.minecraft.datatypes.MCTypeRegistry] Initialising converters for DataConverter...
[14:49:11] [ServerMain/INFO]: [ca.spottedleaf.dataconverter.minecraft.datatypes.MCTypeRegistry] Finished initialising converters for DataConverter in 678.1ms
[14:49:11] [Server thread/INFO]: Starting minecraft server version 1.21.7
[14:49:11] [Server thread/INFO]: Loading properties
[14:49:12] [Server thread/INFO]: This server is running Paper version 1.21.7-32-main@e792779 (2025-07-16T20:10:15Z) (Implementing API version 1.21.7-R0.1-SNAPSHOT)
[14:49:12] [Server thread/INFO]: [spark] This server bundles the spark profiler. For more information please visit https://docs.papermc.io/paper/profiling
[14:49:12] [Server thread/INFO]: Server Ping Player Sample Count: 12
[14:49:12] [Server thread/INFO]: Using 4 threads for Netty based IO
[14:49:13] [Server thread/INFO]: [MoonriseCommon] Paper is using 1 worker threads, 1 I/O threads
[14:49:13] [Server thread/INFO]: [ChunkTaskScheduler] Chunk system is using population gen parallelism: true
[14:49:14] [Server thread/INFO]: Default game type: SURVIVAL
[14:49:14] [Server thread/INFO]: Generating keypair
[14:49:14] [Server thread/INFO]: Starting Minecraft server on *:25565
[14:49:14] [Server thread/INFO]: Using epoll channel type
[14:49:14] [Server thread/INFO]: Paper: Using libdeflate (Linux x86_64) compression from Velocity.
[14:49:14] [Server thread/INFO]: Paper: Using OpenSSL 3.x.x (Linux x86_64) cipher from Velocity.
[14:49:16] [Server thread/INFO]: [ViaVersion] Loading server plugin ViaVersion v5.4.1
[14:49:16] [Server thread/INFO]: [ViaVersion] ViaVersion 5.4.1 is now loaded. Registering protocol transformers and injecting...
[14:49:16] [Via-Mappingloader-0/INFO]: [ViaVersion] Loading block connection mappings ...
[14:49:17] [Via-Mappingloader-0/INFO]: [ViaVersion] Using FastUtil Long2ObjectOpenHashMap for block connections
[14:49:18] [Server thread/INFO]: [ViaBackwards] Loading translations...
[14:49:18] [Server thread/INFO]: [ViaBackwards] Registering protocols...
[14:49:18] [Server thread/INFO]: [ViaRewind] Registering protocols...
[14:49:19] [Server thread/INFO]: [floodgate] Loading server plugin floodgate v2.2.4-SNAPSHOT (b117-b469c0c)
[14:49:20] [Server thread/WARN]: [floodgate] en_ is not a supported Floodgate language.
[14:49:20] [Server thread/INFO]: [floodgate] Took 1,342ms to boot Floodgate
[14:49:20] [Server thread/INFO]: [ViaBackwards] Loading server plugin ViaBackwards v5.4.1
[14:49:20] [Server thread/INFO]: [GSit] Loading server plugin GSit v2.4.3
[14:49:20] [Server thread/INFO]: [Geyser-Spigot] Loading server plugin Geyser-Spigot v2.8.2-SNAPSHOT
[14:49:21] [Server thread/INFO]: [Geyser-Spigot] Loading extensions...
[14:49:21] [Server thread/INFO]: [Geyser-Spigot] Loaded 0 extension(s)
[14:49:21] [Server thread/INFO]: [ViaRewind] Loading server plugin ViaRewind v4.0.9-SNAPSHOT
[14:49:21] [Server thread/INFO]: [SkinsRestorer] Loading server plugin SkinsRestorer v15.7.7
[14:49:21] [Server thread/INFO]: Server permissions file permissions.yml is empty, ignoring it
[14:49:21] [Server thread/INFO]: [ViaRewind] Enabling ViaRewind v4.0.9-SNAPSHOT
[14:49:21] [Server thread/INFO]: [SkinsRestorer] Enabling SkinsRestorer v15.7.7
[14:49:23] [Server thread/INFO]: [SkinsRestorer] Running on Minecraft 1.21.7.
[14:49:23] [Server thread/INFO]: [SkinsRestorer] Floodgate skin listener registered
[14:49:23] [Server thread/INFO]: [SkinsRestorer] Using paper join listener!
[14:49:23] [Server thread/WARN]: **** SERVER IS RUNNING IN OFFLINE/INSECURE MODE!
[14:49:23] [Server thread/WARN]: The server will make no attempt to authenticate usernames. Beware.
[14:49:23] [Server thread/WARN]: While this makes the game possible to play without internet access, it also opens up the ability for hackers to connect with any username they choose.
[14:49:23] [Server thread/WARN]: To change this, set "online-mode" to "true" in the server.properties file.
[14:49:23] [Server thread/INFO]: Preparing level "world"
[14:49:24] [Folia Async Scheduler Thread #1/INFO]: [SkinsRestorer] ----------------------------------------------
[14:49:24] [Folia Async Scheduler Thread #1/INFO]: [SkinsRestorer]     +==================+
[14:49:24] [Folia Async Scheduler Thread #1/INFO]: [SkinsRestorer]     |   SkinsRestorer  |
[14:49:24] [Folia Async Scheduler Thread #1/INFO]: [SkinsRestorer]     |------------------|
[14:49:24] [Folia Async Scheduler Thread #1/INFO]: [SkinsRestorer]     |  Standalone Mode |
[14:49:24] [Folia Async Scheduler Thread #1/INFO]: [SkinsRestorer]     +==================+
[14:49:24] [Folia Async Scheduler Thread #1/INFO]: [SkinsRestorer] ----------------------------------------------
[14:49:24] [Folia Async Scheduler Thread #1/INFO]: [SkinsRestorer]     Version: 15.7.7
[14:49:24] [Folia Async Scheduler Thread #1/INFO]: [SkinsRestorer]     Commit: 7eff058
[14:49:24] [Folia Async Scheduler Thread #1/INFO]: [SkinsRestorer]     A new version (15.7.8) is available! Downloading update...
[14:49:24] [Folia Async Scheduler Thread #1/INFO]: [SkinsRestorer] ----------------------------------------------
[14:49:24] [Folia Async Scheduler Thread #1/INFO]: [SkinsRestorer] Do you have issues? Read our troubleshooting guide: https://skinsrestorer.net/docs/troubleshooting
[14:49:24] [Folia Async Scheduler Thread #1/INFO]: [SkinsRestorer] Want to support SkinsRestorer? Consider donating: https://skinsrestorer.net/donate
[14:49:24] [Folia Async Scheduler Thread #1/INFO]: [SkinsRestorer] [GitHubUpdate] Downloading update...
[14:49:24] [Server thread/INFO]: Preparing start region for dimension minecraft:overworld
[14:49:25] [Server thread/INFO]: Preparing spawn area: 0%
[14:49:25] [Server thread/INFO]: Preparing spawn area: 0%
[14:49:25] [Folia Async Scheduler Thread #1/INFO]: [SkinsRestorer] [GitHubUpdate] Downloaded update in 1483ms
[14:49:25] [Folia Async Scheduler Thread #1/INFO]: [SkinsRestorer] [GitHubUpdate] Update saved as SkinsRestorer.jar
[14:49:25] [Folia Async Scheduler Thread #1/INFO]: [SkinsRestorer] [GitHubUpdate] The update will be loaded on the next server restart
[14:49:26] [Server thread/INFO]: Preparing spawn area: 0%
[14:49:26] [Server thread/INFO]: Preparing spawn area: 0%
[14:49:26] [Server thread/INFO]: Preparing spawn area: 0%
[14:49:27] [Server thread/INFO]: Time elapsed: 2353 ms
[14:49:27] [Server thread/INFO]: Preparing start region for dimension minecraft:the_nether
[14:49:27] [Server thread/INFO]: Preparing spawn area: 0%
[14:49:27] [Server thread/INFO]: Preparing spawn area: 24%
[14:49:27] [Server thread/INFO]: Time elapsed: 622 ms
[14:49:27] [Server thread/INFO]: Preparing start region for dimension minecraft:the_end
[14:49:27] [Server thread/INFO]: Preparing spawn area: 0%
[14:49:27] [Server thread/INFO]: Time elapsed: 311 ms
[14:49:27] [Server thread/INFO]: [ViaVersion] Enabling ViaVersion v5.4.1
[14:49:28] [Server thread/INFO]: [ViaVersion] ViaVersion detected server version: 1.21.7 (772)
[14:49:28] [Server thread/INFO]: [floodgate] Enabling floodgate v2.2.4-SNAPSHOT (b117-b469c0c)
[14:49:29] [Server thread/INFO]: [ViaBackwards] Enabling ViaBackwards v5.4.1
[14:49:29] [Server thread/INFO]: [GSit] Enabling GSit v2.4.3
[14:49:29] [Server thread/INFO]: [GSit] The plugin was successfully enabled.
[14:49:29] [Server thread/INFO]: [Geyser-Spigot] Enabling Geyser-Spigot v2.8.2-SNAPSHOT
[14:49:30] [Server thread/INFO]: [spark] Starting background profiler...
[14:49:31] [Server thread/INFO]: [Geyser-Spigot] ******************************************
[14:49:31] [Server thread/INFO]: [Geyser-Spigot] 
[14:49:31] [Server thread/INFO]: [Geyser-Spigot] Loading Geyser version 2.8.2-b887 (git-master-1f23d1d)
[14:49:31] [Server thread/INFO]: [Geyser-Spigot] 
[14:49:31] [Server thread/INFO]: [Geyser-Spigot] ******************************************
[14:49:39] [epollEventLoopGroup-3-1/INFO]: [Geyser-Spigot] Started Geyser on UDP port 19132
[14:49:40] [Server thread/INFO]: [Geyser-Spigot] Done (8.804s)! Run /geyser help for help!
[14:49:40] [Server thread/INFO]: Done preparing level "world" (16.624s)
[14:49:40] [Server thread/INFO]: Running delayed init tasks
[14:49:40] [Craft Scheduler Thread - 2 - ViaVersion/INFO]: [ViaVersion] Finished mapping loading, shutting down loader executor.
[14:49:40] [Server thread/INFO]: Done (45.942s)! For help, type "help"
[14:49:40] [Server thread/WARN]: [ViaVersion] There is a newer plugin version available: 5.4.2, you're on: 5.4.1
[14:49:44] [User Authenticator #0/INFO]: UUID of player kyuu93201 is b2daeaba-0057-37e3-9540-17b70ad1be8d
[14:49:44] [Server thread/INFO]: [HorriblePlayerLoginEventHack] You have plugins listening to the PlayerLoginEvent, this will cause re-configuration APIs to be unavailable: [SkinsRestorer]
[14:49:47] [Server thread/INFO]: kyuu93201 joined the game
[14:49:47] [Server thread/INFO]: kyuu93201[/127.135.76.108:41157] logged in with entity id 202 at ([world]8.809981035161217, 71.51093181932899, 39.34323257247548)
[14:51:28] [Server thread/WARN]: kyuu93201 moved too quickly! -5.052872858485498,0.0,8.77062487476347
[14:52:28] [Server thread/INFO]: kyuu93201 issued server command: /gamemode survival
[14:52:28] [Server thread/INFO]: [kyuu93201: Set own game mode to Survival Mode]
[14:54:07] [Server thread/INFO]: kyuu93201 issued server command: /time set day
[14:54:07] [Server thread/INFO]: [kyuu93201: Set the time to 1000]
[14:54:44] [Server thread/INFO]: kyuu93201 issued server command: /gamemode creative
[14:54:44] [Server thread/INFO]: [kyuu93201: Set own game mode to Creative Mode]
[14:55:53] [Server thread/INFO]: kyuu93201 issued server command: /gamemode spectator
[14:55:53] [Server thread/INFO]: [kyuu93201: Set own game mode to Spectator Mode]
[14:56:17] [Server thread/INFO]: kyuu93201 issued server command: /gamemode creative
[14:56:17] [Server thread/INFO]: [kyuu93201: Set own game mode to Creative Mode]
[14:58:38] [Server thread/INFO]: Villager Villager['Villager'/3084, uuid='3c6495fc-5701-4c8c-857e-f8448bed166b', l='ServerLevel[world]', x=29.72, y=62.69, z=0.70, cpos=[1, 0], tl=295, v=true] died, message: 'Villager was slain by kyuu93201'
[14:58:40] [Server thread/INFO]: Villager Villager['Villager'/3075, uuid='3073580a-7863-48cf-b4e3-167298936139', l='ServerLevel[world]', x=27.99, y=62.56, z=-0.43, cpos=[1, -1], tl=359, v=true] died, message: 'Villager was slain by kyuu93201'
[14:58:41] [Server thread/INFO]: Villager Villager['Villager'/3076, uuid='1c398325-605f-40b7-8d9b-c3eb2ea8c439', l='ServerLevel[world]', x=28.91, y=62.82, z=0.69, cpos=[1, 0], tl=384, v=true] died, message: 'Villager was slain by kyuu93201'
[14:58:50] [Server thread/INFO]: kyuu93201 issued server command: /time set night
[14:58:50] [Server thread/INFO]: [kyuu93201: Set the time to 13000]
[14:59:22] [Server thread/INFO]: kyuu93201 issued server command: /time set day
[14:59:22] [Server thread/INFO]: [kyuu93201: Set the time to 1000]
[14:59:41] [Server thread/INFO]: kyuu93201 issued server command: /gamemode spectator
[14:59:41] [Server thread/INFO]: [kyuu93201: Set own game mode to Spectator Mode]
[14:59:59] [Server thread/INFO]: kyuu93201 issued server command: /gamemode creative
[14:59:59] [Server thread/INFO]: [kyuu93201: Set own game mode to Creative Mode]
[15:00:26] [Server thread/INFO]: kyuu93201 issued server command: /gamemode spectator
[15:00:26] [Server thread/INFO]: [kyuu93201: Set own game mode to Spectator Mode]
[15:02:24] [Server thread/INFO]: kyuu93201 issued server command: /locate structure #minecraft:eye_of_ender_located
[15:02:24] [Server thread/INFO]: Locating element #minecraft:eye_of_ender_located (minecraft:stronghold) took 33 ms
[15:02:26] [Server thread/INFO]: kyuu93201 issued server command: /tp @s -160 ~ -1808
[15:02:26] [Server thread/INFO]: [kyuu93201: Teleported kyuu93201 to -159.500000, 28.357819, -1807.500000]
[15:02:32] [Server thread/WARN]: Can't keep up! Is the server overloaded? Running 5407ms or 108 ticks behind
[15:02:48] [Server thread/INFO]: kyuu93201 has made the advancement [Eye Spy]
[15:03:03] [Server thread/INFO]: kyuu93201 issued server command: /gamemode creative
[15:03:03] [Server thread/INFO]: [kyuu93201: Set own game mode to Creative Mode]
[15:03:47] [Server thread/INFO]: kyuu93201 has made the advancement [The End?]
[15:03:50] [Server thread/INFO]: Scanning for legacy world dragon fight...
[15:03:50] [Server thread/INFO]: Found that the dragon has not yet been killed in this world.
[15:04:18] [Server thread/INFO]: kyuu93201 issued server command: /effect give kyuu93201 minecraft:strength infinite 255
[15:04:18] [Server thread/INFO]: [kyuu93201: Applied effect Strength to kyuu93201]
[15:04:41] [Server thread/INFO]: kyuu93201 has made the advancement [Free the End]
[15:05:17] [Server thread/INFO]: kyuu93201 issued server command: /gamemode survival
[15:05:17] [Server thread/INFO]: [kyuu93201: Set own game mode to Survival Mode]
[15:06:22] [Server thread/INFO]: kyuu93201 lost connection: Disconnected
[15:06:22] [Server thread/INFO]: kyuu93201 left the game
